<?xml version="1.0" encoding="UTF-8"?>
<testng-results skipped="0" failed="0" ignored="0" total="1" passed="1">
  <reporter-output>
  </reporter-output>
  <suite name="Default suite" duration-ms="41984" started-at="2017-07-08T03:10:54Z" finished-at="2017-07-08T03:11:36Z">
    <groups>
    </groups>
    <test name="Default test" duration-ms="41984" started-at="2017-07-08T03:10:54Z" finished-at="2017-07-08T03:11:36Z">
      <class name="com.IRCTC.LaunchIRCTC">
        <test-method status="PASS" signature="launchBrowser()[pri:0, instance:com.IRCTC.LaunchIRCTC@68be2bc2]" name="launchBrowser" duration-ms="41792" started-at="2017-07-08T08:40:54Z" finished-at="2017-07-08T08:41:36Z">
          <reporter-output>
          </reporter-output>
        </test-method> <!-- launchBrowser -->
      </class> <!-- com.IRCTC.LaunchIRCTC -->
    </test> <!-- Default test -->
  </suite> <!-- Default suite -->
</testng-results>
